<?xml version="1.0" encoding="UTF-8"?>
<!-- Generated by org.testng.reporters.JUnitReportReporter -->
<testsuite hostname="MSI" failures="0" tests="1" name="com.simplilearn.testng.NewTest" time="16.772" errors="0" timestamp="2022-10-04T00:57:22 IST" skipped="0">
  <testcase classname="com.simplilearn.testng.NewTest" name="oracle" time="16.772"/>
  <system-out/>
</testsuite> <!-- com.simplilearn.testng.NewTest -->
