<?xml version="1.0" encoding="UTF-8"?>
<!-- Generated by org.testng.reporters.JUnitReportReporter -->
<testsuite skipped="0" hostname="MSI" name="com.simplilearn.testng.NewTest" tests="1" failures="0" timestamp="2022-10-04T01:53:10 IST" time="18.949" errors="0">
  <testcase name="oracle" time="18.949" classname="com.simplilearn.testng.NewTest"/>
  <system-out/>
</testsuite> <!-- com.simplilearn.testng.NewTest -->
